nohup: 忽略输入

> heyutong@1.0.0 make /home/heyuyong
> babel-node  app.js

listen:8000
  <-- GET /test.html
  --> GET /test.html 200 14ms 1.13kb
  <-- GET /base64.js
  --> GET /base64.js 200 2ms 5.53kb
  <-- GET /favicon.ico
  --> GET /favicon.ico 404 2ms -

  Error: invalid JSON, only supports object and array
      at parse (/home/heyuyong/node_modules/co-body/lib/json.js:60:13)
      at /home/heyuyong/node_modules/co-body/lib/json.js:45:22
      at <anonymous>
      at process._tickDomainCallback (internal/process/next_tick.js:228:7)


  Error: invalid JSON, only supports object and array
      at parse (/home/heyuyong/node_modules/co-body/lib/json.js:60:13)
      at /home/heyuyong/node_modules/co-body/lib/json.js:45:22
      at <anonymous>
      at process._tickDomainCallback (internal/process/next_tick.js:228:7)

